\BOOKMARK [1][-]{section*.2}{List of Figures}{}% 1
\BOOKMARK [1][-]{section*.3}{List of Tables}{}% 2
\BOOKMARK [1][-]{section.1}{Introduction}{}% 3
\BOOKMARK [1][-]{section.2}{Description of the WHOTS-15 Mooring Cruises}{}% 4
\BOOKMARK [2][-]{subsection.2.1}{WHOTS-15 Cruise: WHOTS-15 Mooring Deployment}{section.2}% 5
\BOOKMARK [1][-]{section.3}{Description of WHOTS-15 Mooring}{}% 6
\BOOKMARK [1][-]{section.4}{WHOTS \(15-16\) Cruise Shipboard Observations}{}% 7
\BOOKMARK [2][-]{subsection.4.1}{Conductivity, Temperature, and Depth \(CTD\) Profiling}{section.4}% 8
\BOOKMARK [3][-]{subsubsection.4.1.1}{Data Acquisition and Processing}{subsection.4.1}% 9
\BOOKMARK [3][-]{subsubsection.4.1.2}{CTD Sensor Calibration and Corrections}{subsection.4.1}% 10
\BOOKMARK [2][-]{subsection.4.2}{Water Sampling and Analysis}{section.4}% 11
\BOOKMARK [2][-]{subsection.4.3}{Thermosalinograph Data Acquisition and Processing }{section.4}% 12
\BOOKMARK [3][-]{subsubsection.4.3.1}{WHOTS-15 Cruise}{subsection.4.3}% 13
\BOOKMARK [3][-]{subsubsection.4.3.2}{WHOTS-16 Cruise}{subsection.4.3}% 14
\BOOKMARK [2][-]{subsection.4.4}{Shipboard ADCP}{section.4}% 15
\BOOKMARK [3][-]{subsubsection.4.4.1}{WHOTS-15 Deployment Cruise}{subsection.4.4}% 16
\BOOKMARK [3][-]{subsubsection.4.4.2}{WHOTS-16 Deployment Cruise}{subsection.4.4}% 17
\BOOKMARK [1][-]{section.5}{Moored Instrument Observations}{}% 18
\BOOKMARK [2][-]{subsection.5.1}{MicroCAT-SeaCAT Data Processing Procedures}{section.5}% 19
\BOOKMARK [3][-]{subsubsection.5.1.1}{Internal Clock Check and Missing Samples}{subsection.5.1}% 20
\BOOKMARK [3][-]{subsubsection.5.1.2}{Pressure Drift Correction and Pressure Variability}{subsection.5.1}% 21
\BOOKMARK [3][-]{subsubsection.5.1.3}{Temperature Sensor Stability}{subsection.5.1}% 22
\BOOKMARK [3][-]{subsubsection.5.1.4}{Conductivity Calibration}{subsection.5.1}% 23
\BOOKMARK [2][-]{subsection.5.2}{Acoustic Doppler Current Profiler}{section.5}% 24
\BOOKMARK [3][-]{subsubsection.5.2.1}{Compass Calibrations}{subsection.5.2}% 25
\BOOKMARK [3][-]{subsubsection.5.2.2}{ADCP Configurations}{subsection.5.2}% 26
\BOOKMARK [3][-]{subsubsection.5.2.3}{ADCP data processing procedures}{subsection.5.2}% 27
\BOOKMARK [2][-]{subsection.5.3}{Vector Measuring Current Meter \(VMCM\)}{section.5}% 28
\BOOKMARK [2][-]{subsection.5.4}{Global Positioning System Receiver}{section.5}% 29
\BOOKMARK [1][-]{section.6}{Results}{}% 30
\BOOKMARK [2][-]{subsection.6.1}{CTD Profiling Data}{section.6}% 31
\BOOKMARK [2][-]{subsection.6.2}{Thermosalinograph Data}{section.6}% 32
\BOOKMARK [2][-]{subsection.6.3}{MicroCAT Data}{section.6}% 33
\BOOKMARK [2][-]{subsection.6.4}{Moored ADCP Data}{section.6}% 34
\BOOKMARK [2][-]{subsection.6.5}{Moored and Shipboard ADCP Comparisons}{section.6}% 35
\BOOKMARK [2][-]{subsection.6.6}{Next Generation Vector Measuring Current Meter Data \(VMCM\)}{section.6}% 36
\BOOKMARK [2][-]{subsection.6.7}{GPS Data}{section.6}% 37
\BOOKMARK [2][-]{subsection.6.8}{Mooring Motion}{section.6}% 38
\BOOKMARK [1][-]{section*.8}{References}{}% 39
\BOOKMARK [1][-]{section*.10}{Appendices}{}% 40
